Arguments: 
  /home/sloh/.nvm/versions/node/v18.11.0/bin/node /usr/share/yarn/bin/yarn.js init

PATH: 
  /home/sloh/.cargo/bin:/home/sloh/.yarn/bin:/home/sloh/.pyenv/plugins/pyenv-virtualenv/shims:/home/sloh/.pyenv/shims:/home/sloh/.pyenv/bin:/home/sloh/.nvm/versions/node/v18.11.0/bin:/usr/local/sbin:/usr/local/bin:/usr/sbin:/usr/bin:/sbin:/bin:/usr/games:/usr/local/games:/usr/lib/wsl/lib:/mnt/c/Program Files/Oculus/Support/oculus-runtime:/mnt/c/Program Files (x86)/Common Files/Oracle/Java/javapath:/mnt/c/Windows/system32:/mnt/c/Windows:/mnt/c/Windows/System32/Wbem:/mnt/c/Windows/System32/WindowsPowerShell/v1.0/:/mnt/c/Windows/System32/OpenSSH/:/mnt/c/Program Files/NVIDIA Corporation/NVIDIA NvDLISR:/mnt/c/Program Files (x86)/NVIDIA Corporation/PhysX/Common:/mnt/c/Program Files/dotnet/:/mnt/c/WINDOWS/system32:/mnt/c/WINDOWS:/mnt/c/WINDOWS/System32/Wbem:/mnt/c/WINDOWS/System32/WindowsPowerShell/v1.0/:/mnt/c/WINDOWS/System32/OpenSSH/:/mnt/c/Program Files/Git/cmd:/mnt/c/Program Files/nodejs/:/mnt/c/Program Files/Calibre2/:/mnt/c/Users/sloh/.cargo/bin:/mnt/c/Users/sloh/AppData/Local/Microsoft/WindowsApps:/mnt/c/Users/sloh/AppData/Local/Programs/Microsoft VS Code/bin:/mnt/c/Users/sloh/AppData/Roaming/npm

Yarn version: 
  1.22.5

Node version: 
  18.11.0

Platform: 
  linux x64

Trace: 
  Error: canceled
      at Interface.<anonymous> (/usr/share/yarn/lib/cli.js:137009:13)
      at Interface.emit (node:events:513:28)
      at [_ttyWrite] [as _ttyWrite] (node:internal/readline/interface:1124:18)
      at ReadStream.onkeypress (node:internal/readline/interface:273:20)
      at ReadStream.emit (node:events:513:28)
      at emitKeys (node:internal/readline/utils:357:14)
      at emitKeys.next (<anonymous>)
      at ReadStream.onData (node:internal/readline/emitKeypressEvents:64:36)
      at ReadStream.emit (node:events:513:28)
      at addChunk (node:internal/streams/readable:324:12)

npm manifest: 
  {
    "name": "lyf-website",
    "version": "1.0.0",
    "private": true,
    "description": "lyf-website",
    "author": "Stephan Loh",
    "keywords": [
      "gatsby"
    ],
    "scripts": {
      "develop": "gatsby develop",
      "start": "gatsby develop",
      "build": "gatsby build",
      "serve": "gatsby serve",
      "clean": "gatsby clean",
      "typecheck": "tsc --noEmit"
    },
    "dependencies": {
      "gatsby": "^4.24.4",
      "react": "^18.1.0",
      "react-dom": "^18.1.0"
    },
    "devDependencies": {
      "@types/node": "^17.0.45",
      "@types/react": "^18.0.21",
      "@types/react-dom": "^18.0.6",
      "typescript": "^4.8.3"
    }
  }

yarn manifest: 
  No manifest

Lockfile: 
  No lockfile
